Trace 0: 0x107c24180 [001411ad/0000000000001000/02c24003/ff020000] 
 V      =   0
 pc       0000000000001000
 mhartid  0000000000000000
 mstatus  0000000a00000000
 hstatus  0000000200000000
 vsstatus 0000000a00000000
 mip      0000000000000080
 mie      0000000000000000
 mideleg  0000000000001444
 hideleg  0000000000000000
 medeleg  0000000000000000
 hedeleg  0000000000000000
 mtvec    0000000000000000
 stvec    0000000000000000
 vstvec   0000000000000000
 mepc     0000000000000000
 sepc     0000000000000000
 vsepc    0000000000000000
 mcause   0000000000000000
 scause   0000000000000000
 vscause  0000000000000000
 mtval    0000000000000000
 stval    0000000000000000
 htval    0000000000000000
 mtval2   0000000000000000
 mscratch 0000000000000000
 sscratch 0000000000000000
 satp     0000000000000000
 x0/zero  0000000000000000 x1/ra    0000000000000000 x2/sp    0000000000000000 x3/gp    0000000000000000
 x4/tp    0000000000000000 x5/t0    0000000000000000 x6/t1    0000000000000000 x7/t2    0000000000000000
 x8/s0    0000000000000000 x9/s1    0000000000000000 x10/a0   0000000000000000 x11/a1   0000000000000000
 x12/a2   0000000000000000 x13/a3   0000000000000000 x14/a4   0000000000000000 x15/a5   0000000000000000
 x16/a6   0000000000000000 x17/a7   0000000000000000 x18/s2   0000000000000000 x19/s3   0000000000000000
 x20/s4   0000000000000000 x21/s5   0000000000000000 x22/s6   0000000000000000 x23/s7   0000000000000000
 x24/s8   0000000000000000 x25/s9   0000000000000000 x26/s10  0000000000000000 x27/s11  0000000000000000
 x28/t3   0000000000000000 x29/t4   0000000000000000 x30/t5   0000000000000000 x31/t6   0000000000000000
Trace 0: 0x107c24300 [001411ad/000000000000100c/02c24003/ff020000] 
 V      =   0
 pc       000000000000100c
 mhartid  0000000000000000
 mstatus  0000000a00000000
 hstatus  0000000200000000
 vsstatus 0000000a00000000
 mip      0000000000000080
 mie      0000000000000000
 mideleg  0000000000001444
 hideleg  0000000000000000
 medeleg  0000000000000000
 hedeleg  0000000000000000
 mtvec    0000000000000000
 stvec    0000000000000000
 vstvec   0000000000000000
 mepc     0000000000000000
 sepc     0000000000000000
 vsepc    0000000000000000
 mcause   0000000000000000
 scause   0000000000000000
 vscause  0000000000000000
 mtval    0000000000000000
 stval    0000000000000000
 htval    0000000000000000
 mtval2   0000000000000000
 mscratch 0000000000000000
 sscratch 0000000000000000
 satp     0000000000000000
 x0/zero  0000000000000000 x1/ra    0000000000000000 x2/sp    0000000000000000 x3/gp    0000000000000000
 x4/tp    0000000000000000 x5/t0    0000000000001000 x6/t1    0000000000000000 x7/t2    0000000000000000
 x8/s0    0000000000000000 x9/s1    0000000000000000 x10/a0   0000000000000000 x11/a1   0000000000000000
 x12/a2   0000000000001028 x13/a3   0000000000000000 x14/a4   0000000000000000 x15/a5   0000000000000000
 x16/a6   0000000000000000 x17/a7   0000000000000000 x18/s2   0000000000000000 x19/s3   0000000000000000
 x20/s4   0000000000000000 x21/s5   0000000000000000 x22/s6   0000000000000000 x23/s7   0000000000000000
 x24/s8   0000000000000000 x25/s9   0000000000000000 x26/s10  0000000000000000 x27/s11  0000000000000000
 x28/t3   0000000000000000 x29/t4   0000000000000000 x30/t5   0000000000000000 x31/t6   0000000000000000
Trace 0: 0x107c24500 [001411ad/0000000080000000/02c24003/ff020000] 
 V      =   0
 pc       0000000080000000
 mhartid  0000000000000000
 mstatus  0000000a00000000
 hstatus  0000000200000000
 vsstatus 0000000a00000000
 mip      0000000000000080
 mie      0000000000000000
 mideleg  0000000000001444
 hideleg  0000000000000000
 medeleg  0000000000000000
 hedeleg  0000000000000000
 mtvec    0000000000000000
 stvec    0000000000000000
 vstvec   0000000000000000
 mepc     0000000000000000
 sepc     0000000000000000
 vsepc    0000000000000000
 mcause   0000000000000000
 scause   0000000000000000
 vscause  0000000000000000
 mtval    0000000000000000
 stval    0000000000000000
 htval    0000000000000000
 mtval2   0000000000000000
 mscratch 0000000000000000
 sscratch 0000000000000000
 satp     0000000000000000
 x0/zero  0000000000000000 x1/ra    0000000000000000 x2/sp    0000000000000000 x3/gp    0000000000000000
 x4/tp    0000000000000000 x5/t0    0000000080000000 x6/t1    0000000000000000 x7/t2    0000000000000000
 x8/s0    0000000000000000 x9/s1    0000000000000000 x10/a0   0000000000000000 x11/a1   0000000087e00000
 x12/a2   0000000000001028 x13/a3   0000000000000000 x14/a4   0000000000000000 x15/a5   0000000000000000
 x16/a6   0000000000000000 x17/a7   0000000000000000 x18/s2   0000000000000000 x19/s3   0000000000000000
 x20/s4   0000000000000000 x21/s5   0000000000000000 x22/s6   0000000000000000 x23/s7   0000000000000000
 x24/s8   0000000000000000 x25/s9   0000000000000000 x26/s10  0000000000000000 x27/s11  0000000000000000
 x28/t3   0000000000000000 x29/t4   0000000000000000 x30/t5   0000000000000000 x31/t6   0000000000000000
Trace 0: 0x107c24680 [001411ad/0000000080000004/02c24003/ff020000] 
 V      =   0
 pc       0000000080000004
 mhartid  0000000000000000
 mstatus  0000000a00000000
 hstatus  0000000200000000
 vsstatus 0000000a00000000
 mip      0000000000000080
 mie      0000000000000000
 mideleg  0000000000001444
 hideleg  0000000000000000
 medeleg  0000000000000000
 hedeleg  0000000000000000
 mtvec    0000000000000000
 stvec    0000000000000000
 vstvec   0000000000000000
 mepc     0000000000000000
 sepc     0000000000000000
 vsepc    0000000000000000
 mcause   0000000000000000
 scause   0000000000000000
 vscause  0000000000000000
 mtval    0000000000000000
 stval    0000000000000000
 htval    0000000000000000
 mtval2   0000000000000000
 mscratch 0000000000000000
 sscratch 0000000000000000
 satp     0000000000000000
 x0/zero  0000000000000000 x1/ra    0000000000000000 x2/sp    0000000000000000 x3/gp    0000000000000000
 x4/tp    0000000000000000 x5/t0    0000000a00000000 x6/t1    0000000000000000 x7/t2    0000000000000000
 x8/s0    0000000000000000 x9/s1    0000000000000000 x10/a0   0000000000000000 x11/a1   0000000087e00000
 x12/a2   0000000000001028 x13/a3   0000000000000000 x14/a4   0000000000000000 x15/a5   0000000000000000
 x16/a6   0000000000000000 x17/a7   0000000000000000 x18/s2   0000000000000000 x19/s3   0000000000000000
 x20/s4   0000000000000000 x21/s5   0000000000000000 x22/s6   0000000000000000 x23/s7   0000000000000000
 x24/s8   0000000000000000 x25/s9   0000000000000000 x26/s10  0000000000000000 x27/s11  0000000000000000
 x28/t3   0000000000000000 x29/t4   0000000000000000 x30/t5   0000000000000000 x31/t6   0000000000000000
Trace 0: 0x107c24800 [001411ad/0000000080000018/02c24003/ff020000] 
 V      =   0
 pc       0000000080000018
 mhartid  0000000000000000
 mstatus  0000000a00000000
 hstatus  0000000200000000
 vsstatus 0000000a00000000
 mip      0000000000000080
 mie      0000000000000000
 mideleg  0000000000001444
 hideleg  0000000000000000
 medeleg  0000000000000000
 hedeleg  0000000000000000
 mtvec    0000000000000000
 stvec    0000000000000000
 vstvec   0000000000000000
 mepc     0000000000000000
 sepc     0000000000000000
 vsepc    0000000000000000
 mcause   0000000000000000
 scause   0000000000000000
 vscause  0000000000000000
 mtval    0000000000000000
 stval    0000000000000000
 htval    0000000000000000
 mtval2   0000000000000000
 mscratch 0000000000000000
 sscratch 0000000000000000
 satp     0000000000000000
 x0/zero  0000000000000000 x1/ra    0000000000000000 x2/sp    0000000000000000 x3/gp    0000000000000000
 x4/tp    0000000000000000 x5/t0    0000000000000200 x6/t1    000000000000fff7 x7/t2    0000000000000000
 x8/s0    0000000000000000 x9/s1    0000000000000000 x10/a0   0000000000000000 x11/a1   0000000087e00000
 x12/a2   0000000000001028 x13/a3   0000000000000000 x14/a4   0000000000000000 x15/a5   0000000000000000
 x16/a6   0000000000000000 x17/a7   0000000000000000 x18/s2   0000000000000000 x19/s3   0000000000000000
 x20/s4   0000000000000000 x21/s5   0000000000000000 x22/s6   0000000000000000 x23/s7   0000000000000000
 x24/s8   0000000000000000 x25/s9   0000000000000000 x26/s10  0000000000000000 x27/s11  0000000000000000
 x28/t3   0000000000000000 x29/t4   0000000000000000 x30/t5   0000000000000000 x31/t6   0000000000000000
Trace 0: 0x107c24980 [001411ad/0000000080000024/02c24003/ff020000] 
 V      =   0
 pc       0000000080000024
 mhartid  0000000000000000
 mstatus  0000000a00000000
 hstatus  0000000200000000
 vsstatus 0000000a00000000
 mip      0000000000000080
 mie      0000000000000000
 mideleg  0000000000001444
 hideleg  0000000000000000
 medeleg  0000000000000000
 hedeleg  0000000000000000
 mtvec    0000000000000000
 stvec    0000000000000000
 vstvec   0000000000000000
 mepc     000000008000955c
 sepc     0000000000000000
 vsepc    0000000000000000
 mcause   0000000000000000
 scause   0000000000000000
 vscause  0000000000000000
 mtval    0000000000000000
 stval    0000000000000000
 htval    0000000000000000
 mtval2   0000000000000000
 mscratch 0000000000000000
 sscratch 0000000000000000
 satp     0000000000000000
 x0/zero  0000000000000000 x1/ra    0000000000000000 x2/sp    0000000000000000 x3/gp    0000000000000000
 x4/tp    0000000000000000 x5/t0    000000008000955c x6/t1    000000000000fff7 x7/t2    0000000000000000
 x8/s0    0000000000000000 x9/s1    0000000000000000 x10/a0   0000000000000000 x11/a1   0000000087e00000
 x12/a2   0000000000001028 x13/a3   0000000000000000 x14/a4   0000000000000000 x15/a5   0000000000000000
 x16/a6   0000000000000000 x17/a7   0000000000000000 x18/s2   0000000000000000 x19/s3   0000000000000000
 x20/s4   0000000000000000 x21/s5   0000000000000000 x22/s6   0000000000000000 x23/s7   0000000000000000
 x24/s8   0000000000000000 x25/s9   0000000000000000 x26/s10  0000000000000000 x27/s11  0000000000000000
 x28/t3   0000000000000000 x29/t4   0000000000000000 x30/t5   0000000000000000 x31/t6   0000000000000000
Trace 0: 0x107c24b00 [001411ad/0000000080000028/02c24003/ff020000] 
 V      =   0
 pc       0000000080000028
 mhartid  0000000000000000
 mstatus  0000000a00000000
 hstatus  0000000200000000
 vsstatus 0000000a00000000
 mip      0000000000000080
 mie      0000000000000000
 mideleg  0000000000001444
 hideleg  0000000000000000
 medeleg  0000000000000000
 hedeleg  0000000000000000
 mtvec    0000000000000000
 stvec    0000000000000000
 vstvec   0000000000000000
 mepc     000000008000955c
 sepc     0000000000000000
 vsepc    0000000000000000
 mcause   0000000000000000
 scause   0000000000000000
 vscause  0000000000000000
 mtval    0000000000000000
 stval    0000000000000000
 htval    0000000000000000
 mtval2   0000000000000000
 mscratch 0000000000000000
 sscratch 0000000000000000
 satp     0000000000000000
 x0/zero  0000000000000000 x1/ra    0000000000000000 x2/sp    0000000000000000 x3/gp    0000000000000000
 x4/tp    0000000000000000 x5/t0    000000008000955c x6/t1    000000000000fff7 x7/t2    0000000000000000
 x8/s0    0000000000000000 x9/s1    0000000000000000 x10/a0   0000000000000000 x11/a1   0000000087e00000
 x12/a2   0000000000001028 x13/a3   0000000000000000 x14/a4   0000000000000000 x15/a5   0000000000000000
 x16/a6   0000000000000000 x17/a7   0000000000000000 x18/s2   0000000000000000 x19/s3   0000000000000000
 x20/s4   0000000000000000 x21/s5   0000000000000000 x22/s6   0000000000000000 x23/s7   0000000000000000
 x24/s8   0000000000000000 x25/s9   0000000000000000 x26/s10  0000000000000000 x27/s11  0000000000000000
 x28/t3   0000000000000000 x29/t4   0000000000000000 x30/t5   0000000000000000 x31/t6   0000000000000000
Trace 0: 0x107c24c80 [001411ad/0000000080000038/02c24003/ff020000] 
 V      =   0
 pc       0000000080000038
 mhartid  0000000000000000
 mstatus  0000000a00000000
 hstatus  0000000200000000
 vsstatus 0000000a00000000
 mip      0000000000000080
 mie      0000000000000000
 mideleg  0000000000001444
 hideleg  0000000000000000
 medeleg  0000000000f4bfff
 hedeleg  0000000000000000
 mtvec    0000000000000000
 stvec    0000000000000000
 vstvec   0000000000000000
 mepc     000000008000955c
 sepc     0000000000000000
 vsepc    0000000000000000
 mcause   0000000000000000
 scause   0000000000000000
 vscause  0000000000000000
 mtval    0000000000000000
 stval    0000000000000000
 htval    0000000000000000
 mtval2   0000000000000000
 mscratch 0000000000000000
 sscratch 0000000000000000
 satp     0000000000000000
 x0/zero  0000000000000000 x1/ra    0000000000000000 x2/sp    0000000000000000 x3/gp    0000000000000000
 x4/tp    0000000000000000 x5/t0    00000000ffffffff x6/t1    000000000000fff7 x7/t2    0000000000000000
 x8/s0    0000000000000000 x9/s1    0000000000000000 x10/a0   0000000000000000 x11/a1   0000000087e00000
 x12/a2   0000000000001028 x13/a3   0000000000000000 x14/a4   0000000000000000 x15/a5   0000000000000000
 x16/a6   0000000000000000 x17/a7   0000000000000000 x18/s2   0000000000000000 x19/s3   0000000000000000
 x20/s4   0000000000000000 x21/s5   0000000000000000 x22/s6   0000000000000000 x23/s7   0000000000000000
 x24/s8   0000000000000000 x25/s9   0000000000000000 x26/s10  0000000000000000 x27/s11  0000000000000000
 x28/t3   0000000000000000 x29/t4   0000000000000000 x30/t5   0000000000000000 x31/t6   0000000000000000
Trace 0: 0x107c24e00 [001411ad/000000008000003c/02c24003/ff020000] 
 V      =   0
 pc       000000008000003c
 mhartid  0000000000000000
 mstatus  0000000a00000000
 hstatus  0000000200000000
 vsstatus 0000000a00000000
 mip      0000000000000080
 mie      0000000000000000
 mideleg  0000000000003666
 hideleg  0000000000000000
 medeleg  0000000000f4bfff
 hedeleg  0000000000000000
 mtvec    0000000000000000
 stvec    0000000000000000
 vstvec   0000000000000000
 mepc     000000008000955c
 sepc     0000000000000000
 vsepc    0000000000000000
 mcause   0000000000000000
 scause   0000000000000000
 vscause  0000000000000000
 mtval    0000000000000000
 stval    0000000000000000
 htval    0000000000000000
 mtval2   0000000000000000
 mscratch 0000000000000000
 sscratch 0000000000000000
 satp     0000000000000000
 x0/zero  0000000000000000 x1/ra    0000000000000000 x2/sp    0000000000000000 x3/gp    0000000000000000
 x4/tp    0000000000000000 x5/t0    00000000ffffffff x6/t1    000000000000fff7 x7/t2    0000000000000000
 x8/s0    0000000000000000 x9/s1    0000000000000000 x10/a0   0000000000000000 x11/a1   0000000087e00000
 x12/a2   0000000000001028 x13/a3   0000000000000000 x14/a4   0000000000000000 x15/a5   0000000000000000
 x16/a6   0000000000000000 x17/a7   0000000000000000 x18/s2   0000000000000000 x19/s3   0000000000000000
 x20/s4   0000000000000000 x21/s5   0000000000000000 x22/s6   0000000000000000 x23/s7   0000000000000000
 x24/s8   0000000000000000 x25/s9   0000000000000000 x26/s10  0000000000000000 x27/s11  0000000000000000
 x28/t3   0000000000000000 x29/t4   0000000000000000 x30/t5   0000000000000000 x31/t6   0000000000000000
Trace 0: 0x107c24f80 [001411ad/0000000080000040/02c24003/ff020000] 
 V      =   0
 pc       0000000080000040
 mhartid  0000000000000000
 mstatus  0000000a00000000
 hstatus  0000000200000000
 vsstatus 0000000a00000000
 mip      0000000000000080
 mie      0000000000000000
 mideleg  0000000000003666
 hideleg  0000000000000000
 medeleg  0000000000f4bfff
 hedeleg  0000000000000000
 mtvec    0000000000000000
 stvec    0000000000000000
 vstvec   0000000000000000
 mepc     000000008000955c
 sepc     0000000000000000
 vsepc    0000000000000000
 mcause   0000000000000000
 scause   0000000000000000
 vscause  0000000000000000
 mtval    0000000000000000
 stval    0000000000000000
 htval    0000000000000000
 mtval2   0000000000000000
 mscratch 0000000000000000
 sscratch 0000000000000000
 satp     0000000000000000
 x0/zero  0000000000000000 x1/ra    0000000000000000 x2/sp    0000000000000000 x3/gp    0000000000000000
 x4/tp    0000000000000000 x5/t0    0000000000000000 x6/t1    000000000000fff7 x7/t2    0000000000000000
 x8/s0    0000000000000000 x9/s1    0000000000000000 x10/a0   0000000000000000 x11/a1   0000000087e00000
 x12/a2   0000000000001028 x13/a3   0000000000000000 x14/a4   0000000000000000 x15/a5   0000000000000000
 x16/a6   0000000000000000 x17/a7   0000000000000000 x18/s2   0000000000000000 x19/s3   0000000000000000
 x20/s4   0000000000000000 x21/s5   0000000000000000 x22/s6   0000000000000000 x23/s7   0000000000000000
 x24/s8   0000000000000000 x25/s9   0000000000000000 x26/s10  0000000000000000 x27/s11  0000000000000000
 x28/t3   0000000000000000 x29/t4   0000000000000000 x30/t5   0000000000000000 x31/t6   0000000000000000
Trace 0: 0x107c25100 [001411ad/0000000080000048/02c24003/ff020000] 
 V      =   0
 pc       0000000080000048
 mhartid  0000000000000000
 mstatus  0000000a00000000
 hstatus  0000000200000000
 vsstatus 0000000a00000000
 mip      0000000000000080
 mie      0000000000000022
 mideleg  0000000000003666
 hideleg  0000000000000000
 medeleg  0000000000f4bfff
 hedeleg  0000000000000000
 mtvec    0000000000000000
 stvec    0000000000000000
 vstvec   0000000000000000
 mepc     000000008000955c
 sepc     0000000000000000
 vsepc    0000000000000000
 mcause   0000000000000000
 scause   0000000000000000
 vscause  0000000000000000
 mtval    0000000000000000
 stval    0000000000000000
 htval    0000000000000000
 mtval2   0000000000000000
 mscratch 0000000000000000
 sscratch 0000000000000000
 satp     0000000000000000
 x0/zero  0000000000000000 x1/ra    0000000000000000 x2/sp    0000000000000000 x3/gp    0000000000000000
 x4/tp    0000000000000000 x5/t0    0000000000000022 x6/t1    000000000000fff7 x7/t2    0000000000000000
 x8/s0    0000000000000000 x9/s1    0000000000000000 x10/a0   0000000000000000 x11/a1   0000000087e00000
 x12/a2   0000000000001028 x13/a3   0000000000000000 x14/a4   0000000000000000 x15/a5   0000000000000000
 x16/a6   0000000000000000 x17/a7   0000000000000000 x18/s2   0000000000000000 x19/s3   0000000000000000
 x20/s4   0000000000000000 x21/s5   0000000000000000 x22/s6   0000000000000000 x23/s7   0000000000000000
 x24/s8   0000000000000000 x25/s9   0000000000000000 x26/s10  0000000000000000 x27/s11  0000000000000000
 x28/t3   0000000000000000 x29/t4   0000000000000000 x30/t5   0000000000000000 x31/t6   0000000000000000
Trace 0: 0x107c25280 [001411ad/0000000080000054/02c24003/ff020000] 
 V      =   0
 pc       0000000080000054
 mhartid  0000000000000000
 mstatus  0000000a00000000
 hstatus  0000000200000000
 vsstatus 0000000a00000000
 mip      0000000000000080
 mie      0000000000000022
 mideleg  0000000000003666
 hideleg  0000000000000000
 medeleg  0000000000f4bfff
 hedeleg  0000000000000000
 mtvec    0000000000000000
 stvec    0000000000000000
 vstvec   0000000000000000
 mepc     000000008000955c
 sepc     0000000000000000
 vsepc    0000000000000000
 mcause   0000000000000000
 scause   0000000000000000
 vscause  0000000000000000
 mtval    0000000000000000
 stval    0000000000000000
 htval    0000000000000000
 mtval2   0000000000000000
 mscratch 0000000000000000
 sscratch 0000000000000000
 satp     0000000000000000
 x0/zero  0000000000000000 x1/ra    0000000000000000 x2/sp    0000000000000000 x3/gp    0000000000000000
 x4/tp    0000000000000000 x5/t0    000000003fffefff x6/t1    000000000000fff7 x7/t2    0000000000000000
 x8/s0    0000000000000000 x9/s1    0000000000000000 x10/a0   0000000000000000 x11/a1   0000000087e00000
 x12/a2   0000000000001028 x13/a3   0000000000000000 x14/a4   0000000000000000 x15/a5   0000000000000000
 x16/a6   0000000000000000 x17/a7   0000000000000000 x18/s2   0000000000000000 x19/s3   0000000000000000
 x20/s4   0000000000000000 x21/s5   0000000000000000 x22/s6   0000000000000000 x23/s7   0000000000000000
 x24/s8   0000000000000000 x25/s9   0000000000000000 x26/s10  0000000000000000 x27/s11  0000000000000000
 x28/t3   0000000000000000 x29/t4   0000000000000000 x30/t5   0000000000000000 x31/t6   0000000000000000
Trace 0: 0x107c25400 [001411ad/000000008000005c/02c24003/ff020000] 
 V      =   0
 pc       000000008000005c
 mhartid  0000000000000000
 mstatus  0000000a00000000
 hstatus  0000000200000000
 vsstatus 0000000a00000000
 mip      0000000000000080
 mie      0000000000000022
 mideleg  0000000000003666
 hideleg  0000000000000000
 medeleg  0000000000f4bfff
 hedeleg  0000000000000000
 mtvec    0000000000000000
 stvec    0000000000000000
 vstvec   0000000000000000
 mepc     000000008000955c
 sepc     0000000000000000
 vsepc    0000000000000000
 mcause   0000000000000000
 scause   0000000000000000
 vscause  0000000000000000
 mtval    0000000000000000
 stval    0000000000000000
 htval    0000000000000000
 mtval2   0000000000000000
 mscratch 0000000000000000
 sscratch 0000000000000000
 satp     0000000000000000
 x0/zero  0000000000000000 x1/ra    0000000000000000 x2/sp    0000000000000000 x3/gp    0000000000000000
 x4/tp    0000000000000000 x5/t0    000000000000000f x6/t1    000000000000fff7 x7/t2    0000000000000000
 x8/s0    0000000000000000 x9/s1    0000000000000000 x10/a0   0000000000000000 x11/a1   0000000087e00000
 x12/a2   0000000000001028 x13/a3   0000000000000000 x14/a4   0000000000000000 x15/a5   0000000000000000
 x16/a6   0000000000000000 x17/a7   0000000000000000 x18/s2   0000000000000000 x19/s3   0000000000000000
 x20/s4   0000000000000000 x21/s5   0000000000000000 x22/s6   0000000000000000 x23/s7   0000000000000000
 x24/s8   0000000000000000 x25/s9   0000000000000000 x26/s10  0000000000000000 x27/s11  0000000000000000
 x28/t3   0000000000000000 x29/t4   0000000000000000 x30/t5   0000000000000000 x31/t6   0000000000000000
Trace 0: 0x107c25580 [001411ad/000000008000955c/02024000/ff020000] os_main
 V      =   0
 pc       000000008000955c
 mhartid  0000000000000000
 mstatus  0000000a00000080
 hstatus  0000000200000000
 vsstatus 0000000a00000000
 mip      0000000000000080
 mie      0000000000000022
 mideleg  0000000000003666
 hideleg  0000000000000000
 medeleg  0000000000f4bfff
 hedeleg  0000000000000000
 mtvec    0000000000000000
 stvec    0000000000000000
 vstvec   0000000000000000
 mepc     000000008000955c
 sepc     0000000000000000
 vsepc    0000000000000000
 mcause   0000000000000000
 scause   0000000000000000
 vscause  0000000000000000
 mtval    0000000000000000
 stval    0000000000000000
 htval    0000000000000000
 mtval2   0000000000000000
 mscratch 0000000000000000
 sscratch 0000000000000000
 satp     0000000000000000
 x0/zero  0000000000000000 x1/ra    0000000000000000 x2/sp    0000000080002068 x3/gp    0000000000000000
 x4/tp    0000000000000000 x5/t0    000000000000000f x6/t1    000000000000fff7 x7/t2    0000000000000000
 x8/s0    0000000000000000 x9/s1    0000000000000000 x10/a0   0000000000000000 x11/a1   0000000087e00000
 x12/a2   0000000000001028 x13/a3   0000000000000000 x14/a4   0000000000000000 x15/a5   0000000000000000
 x16/a6   0000000000000000 x17/a7   0000000000000000 x18/s2   0000000000000000 x19/s3   0000000000000000
 x20/s4   0000000000000000 x21/s5   0000000000000000 x22/s6   0000000000000000 x23/s7   0000000000000000
 x24/s8   0000000000000000 x25/s9   0000000000000000 x26/s10  0000000000000000 x27/s11  0000000000000000
 x28/t3   0000000000000000 x29/t4   0000000000000000 x30/t5   0000000000000000 x31/t6   0000000000000000
Linking TBs 0x107c25580 index 0 -> 0x107c25800
Trace 0: 0x107c25800 [001411ad/00000000800094f4/02024000/ff020000] os_start
 V      =   0
 pc       00000000800094f4
 mhartid  0000000000000000
 mstatus  0000000a00000080
 hstatus  0000000200000000
 vsstatus 0000000a00000000
 mip      0000000000000080
 mie      0000000000000022
 mideleg  0000000000003666
 hideleg  0000000000000000
 medeleg  0000000000f4bfff
 hedeleg  0000000000000000
 mtvec    0000000000000000
 stvec    0000000000000000
 vstvec   0000000000000000
 mepc     000000008000955c
 sepc     0000000000000000
 vsepc    0000000000000000
 mcause   0000000000000000
 scause   0000000000000000
 vscause  0000000000000000
 mtval    0000000000000000
 stval    0000000000000000
 htval    0000000000000000
 mtval2   0000000000000000
 mscratch 0000000000000000
 sscratch 0000000000000000
 satp     0000000000000000
 x0/zero  0000000000000000 x1/ra    0000000080009570 x2/sp    0000000080002058 x3/gp    0000000000000000
 x4/tp    0000000000000000 x5/t0    000000000000000f x6/t1    000000000000fff7 x7/t2    0000000000000000
 x8/s0    0000000080002068 x9/s1    0000000000000000 x10/a0   0000000000000000 x11/a1   0000000087e00000
 x12/a2   0000000000001028 x13/a3   0000000000000000 x14/a4   0000000000000000 x15/a5   0000000000000000
 x16/a6   0000000000000000 x17/a7   0000000000000000 x18/s2   0000000000000000 x19/s3   0000000000000000
 x20/s4   0000000000000000 x21/s5   0000000000000000 x22/s6   0000000000000000 x23/s7   0000000000000000
 x24/s8   0000000000000000 x25/s9   0000000000000000 x26/s10  0000000000000000 x27/s11  0000000000000000
 x28/t3   0000000000000000 x29/t4   0000000000000000 x30/t5   0000000000000000 x31/t6   0000000000000000
Linking TBs 0x107c25800 index 0 -> 0x107c25a80
Trace 0: 0x107c25a80 [001411ad/00000000800094a4/02024000/ff020000] r_mhartid
 V      =   0
 pc       00000000800094a4
 mhartid  0000000000000000
 mstatus  0000000a00000080
 hstatus  0000000200000000
 vsstatus 0000000a00000000
 mip      0000000000000080
 mie      0000000000000022
 mideleg  0000000000003666
 hideleg  0000000000000000
 medeleg  0000000000f4bfff
 hedeleg  0000000000000000
 mtvec    0000000000000000
 stvec    0000000000000000
 vstvec   0000000000000000
 mepc     000000008000955c
 sepc     0000000000000000
 vsepc    0000000000000000
 mcause   0000000000000000
 scause   0000000000000000
 vscause  0000000000000000
 mtval    0000000000000000
 stval    0000000000000000
 htval    0000000000000000
 mtval2   0000000000000000
 mscratch 0000000000000000
 sscratch 0000000000000000
 satp     0000000000000000
 x0/zero  0000000000000000 x1/ra    0000000080009508 x2/sp    0000000080002038 x3/gp    0000000000000000
 x4/tp    0000000000000000 x5/t0    000000000000000f x6/t1    000000000000fff7 x7/t2    0000000000000000
 x8/s0    0000000080002058 x9/s1    0000000000000000 x10/a0   0000000000000000 x11/a1   0000000087e00000
 x12/a2   0000000000001028 x13/a3   0000000000000000 x14/a4   0000000000000000 x15/a5   0000000000000000
 x16/a6   0000000000000000 x17/a7   0000000000000000 x18/s2   0000000000000000 x19/s3   0000000000000000
 x20/s4   0000000000000000 x21/s5   0000000000000000 x22/s6   0000000000000000 x23/s7   0000000000000000
 x24/s8   0000000000000000 x25/s9   0000000000000000 x26/s10  0000000000000000 x27/s11  0000000000000000
 x28/t3   0000000000000000 x29/t4   0000000000000000 x30/t5   0000000000000000 x31/t6   0000000000000000
